Using pre-set license
Built from '2022.3/staging' branch; Version is '2022.3.14f1 (eff2de9070d8) revision 15725278'; Using compiler version '192829333'; Build Type 'Release'
OS: 'Windows 11  (10.0.22631) 64bit Professional' Language: 'ko' Physical Memory: 16198 MB
BatchMode: 1, IsHumanControllingUs: 0, StartBugReporterOnCrash: 0, Is64bit: 1, IsPro: 1

COMMAND LINE ARGUMENTS:
C:\Program Files\Unity 2022.3.22f1\2022.3.14f1\Editor\Unity.exe
-adb2
-batchMode
-noUpm
-name
AssetImportWorker2
-projectPath
C:/Users/user/Desktop/이재현 학원 코딩/DungeonRPG/LOGlIKE
-logFile
Logs/AssetImportWorker2.log
-srvPort
62820
Successfully changed project path to: C:/Users/user/Desktop/이재현 학원 코딩/DungeonRPG/LOGlIKE
C:/Users/user/Desktop/이재현 학원 코딩/DungeonRPG/LOGlIKE
[UnityMemory] Configuration Parameters - Can be set up in boot.config
    "memorysetup-bucket-allocator-granularity=16"
    "memorysetup-bucket-allocator-bucket-count=8"
    "memorysetup-bucket-allocator-block-size=33554432"
    "memorysetup-bucket-allocator-block-count=8"
    "memorysetup-main-allocator-block-size=16777216"
    "memorysetup-thread-allocator-block-size=16777216"
    "memorysetup-gfx-main-allocator-block-size=16777216"
    "memorysetup-gfx-thread-allocator-block-size=16777216"
    "memorysetup-cache-allocator-block-size=4194304"
    "memorysetup-typetree-allocator-block-size=2097152"
    "memorysetup-profiler-bucket-allocator-granularity=16"
    "memorysetup-profiler-bucket-allocator-bucket-count=8"
    "memorysetup-profiler-bucket-allocator-block-size=33554432"
    "memorysetup-profiler-bucket-allocator-block-count=8"
    "memorysetup-profiler-allocator-block-size=16777216"
    "memorysetup-profiler-editor-allocator-block-size=1048576"
    "memorysetup-temp-allocator-size-main=16777216"
    "memorysetup-job-temp-allocator-block-size=2097152"
    "memorysetup-job-temp-allocator-block-size-background=1048576"
    "memorysetup-job-temp-allocator-reduction-small-platforms=262144"
    "memorysetup-allocator-temp-initial-block-size-main=262144"
    "memorysetup-allocator-temp-initial-block-size-worker=262144"
    "memorysetup-temp-allocator-size-background-worker=32768"
    "memorysetup-temp-allocator-size-job-worker=262144"
    "memorysetup-temp-allocator-size-preload-manager=33554432"
    "memorysetup-temp-allocator-size-nav-mesh-worker=65536"
    "memorysetup-temp-allocator-size-audio-worker=65536"
    "memorysetup-temp-allocator-size-cloud-worker=32768"
    "memorysetup-temp-allocator-size-gi-baking-worker=262144"
    "memorysetup-temp-allocator-size-gfx=262144"
Player connection [20988] Host "[IP] 172.30.11.125 [Port] 0 [Flags] 2 [Guid] 636043524 [EditorId] 636043524 [Version] 1048832 [Id] WindowsEditor(7,DESKTOP-1CSJKRL) [Debug] 1 [PackageName] WindowsEditor [ProjectName] Editor" joined multi-casting on [225.0.0.222:54997]...

Player connection [20988] Host "[IP] 172.30.11.125 [Port] 0 [Flags] 2 [Guid] 636043524 [EditorId] 636043524 [Version] 1048832 [Id] WindowsEditor(7,DESKTOP-1CSJKRL) [Debug] 1 [PackageName] WindowsEditor [ProjectName] Editor" joined alternative multi-casting on [225.0.0.222:34997]...

[Physics::Module] Initialized MultithreadedJobDispatcher with 7 workers.
Refreshing native plugins compatible for Editor in 41.26 ms, found 4 plugins.
Preloading 0 native plugins for Editor in 0.00 ms.
Initialize engine version: 2022.3.14f1 (eff2de9070d8)
[Subsystems] Discovering subsystems at path C:/Program Files/Unity 2022.3.22f1/2022.3.14f1/Editor/Data/Resources/UnitySubsystems
[Subsystems] Discovering subsystems at path C:/Users/user/Desktop/이재현 학원 코딩/DungeonRPG/LOGlIKE/Assets
GfxDevice: creating device client; threaded=0; jobified=0
Direct3D:
    Version:  Direct3D 11.0 [level 11.1]
    Renderer: Intel(R) UHD Graphics (ID=0x9bca)
    Vendor:   Intel
    VRAM:     8099 MB
    Driver:   26.20.100.7870
Initialize mono
Mono path[0] = 'C:/Program Files/Unity 2022.3.22f1/2022.3.14f1/Editor/Data/Managed'
Mono path[1] = 'C:/Program Files/Unity 2022.3.22f1/2022.3.14f1/Editor/Data/MonoBleedingEdge/lib/mono/unityjit-win32'
Mono config path = 'C:/Program Files/Unity 2022.3.22f1/2022.3.14f1/Editor/Data/MonoBleedingEdge/etc'
Using monoOptions --debugger-agent=transport=dt_socket,embedding=1,server=y,suspend=n,address=127.0.0.1:56228
Begin MonoManager ReloadAssembly
Registering precompiled unity dll's ...
Register platform support module: C:/Program Files/Unity 2022.3.22f1/2022.3.14f1/Editor/Data/PlaybackEngines/WindowsStandaloneSupport/UnityEditor.WindowsStandalone.Extensions.dll
Registered in 0.005880 seconds.
- Loaded All Assemblies, in  0.415 seconds
Native extension for WindowsStandalone target not found
Mono: successfully reloaded assembly
- Finished resetting the current domain, in  0.314 seconds
Domain Reload Profiling: 729ms
	BeginReloadAssembly (120ms)
		ExecutionOrderSort (0ms)
		DisableScriptedObjects (0ms)
		BackupInstance (0ms)
		ReleaseScriptingObjects (0ms)
		CreateAndSetChildDomain (1ms)
	RebuildCommonClasses (40ms)
	RebuildNativeTypeToScriptingClass (14ms)
	initialDomainReloadingComplete (68ms)
	LoadAllAssembliesAndSetupDomain (173ms)
		LoadAssemblies (118ms)
		RebuildTransferFunctionScriptingTraits (0ms)
		AnalyzeDomain (171ms)
			TypeCache.Refresh (169ms)
				TypeCache.ScanAssembly (154ms)
			ScanForSourceGeneratedMonoScriptInfo (0ms)
			ResolveRequiredComponents (1ms)
	FinalizeReload (315ms)
		ReleaseScriptCaches (0ms)
		RebuildScriptCaches (0ms)
		SetupLoadedEditorAssemblies (243ms)
			LogAssemblyErrors (0ms)
			InitializePlatformSupportModulesInManaged (10ms)
			SetLoadedEditorAssemblies (9ms)
			RefreshPlugins (0ms)
			BeforeProcessingInitializeOnLoad (3ms)
			ProcessInitializeOnLoadAttributes (150ms)
			ProcessInitializeOnLoadMethodAttributes (71ms)
			AfterProcessingInitializeOnLoad (0ms)
			EditorAssembliesLoaded (0ms)
		ExecutionOrderSort2 (0ms)
		AwakeInstancesAfterBackupRestoration (0ms)
========================================================================
Worker process is ready to serve import requests
Begin MonoManager ReloadAssembly
- Loaded All Assemblies, in  1.038 seconds
Refreshing native plugins compatible for Editor in 13.75 ms, found 4 plugins.
Native extension for WindowsStandalone target not found
Package Manager log level set to [2]
[Package Manager] Server::EnsureServerProcessIsRunning -- launch failed, reason: Unity was launched with the -noUpm command-line argument
[Package Manager] UpmClient::Send -- Unable to send message (not connected to UPM process).
[Package Manager] Cannot connect to Unity Package Manager local server
Mono: successfully reloaded assembly
- Finished resetting the current domain, in  0.844 seconds
Domain Reload Profiling: 1879ms
	BeginReloadAssembly (169ms)
		ExecutionOrderSort (0ms)
		DisableScriptedObjects (6ms)
		BackupInstance (0ms)
		ReleaseScriptingObjects (0ms)
		CreateAndSetChildDomain (23ms)
	RebuildCommonClasses (41ms)
	RebuildNativeTypeToScriptingClass (13ms)
	initialDomainReloadingComplete (55ms)
	LoadAllAssembliesAndSetupDomain (757ms)
		LoadAssemblies (554ms)
		RebuildTransferFunctionScriptingTraits (0ms)
		AnalyzeDomain (301ms)
			TypeCache.Refresh (261ms)
				TypeCache.ScanAssembly (239ms)
			ScanForSourceGeneratedMonoScriptInfo (31ms)
			ResolveRequiredComponents (8ms)
	FinalizeReload (845ms)
		ReleaseScriptCaches (0ms)
		RebuildScriptCaches (0ms)
		SetupLoadedEditorAssemblies (643ms)
			LogAssemblyErrors (0ms)
			InitializePlatformSupportModulesInManaged (6ms)
			SetLoadedEditorAssemblies (4ms)
			RefreshPlugins (0ms)
			BeforeProcessingInitializeOnLoad (81ms)
			ProcessInitializeOnLoadAttributes (500ms)
			ProcessInitializeOnLoadMethodAttributes (46ms)
			AfterProcessingInitializeOnLoad (6ms)
			EditorAssembliesLoaded (0ms)
		ExecutionOrderSort2 (0ms)
		AwakeInstancesAfterBackupRestoration (7ms)
Launched and connected shader compiler UnityShaderCompiler.exe after 0.04 seconds
Refreshing native plugins compatible for Editor in 11.64 ms, found 4 plugins.
Preloading 0 native plugins for Editor in 0.00 ms.
Unloading 4257 Unused Serialized files (Serialized files now loaded: 0)
Unloading 77 unused Assets / (135.3 KB). Loaded Objects now: 4719.
Memory consumption went from 153.1 MB to 153.0 MB.
Total: 4.272400 ms (FindLiveObjects: 0.347200 ms CreateObjectMapping: 0.338900 ms MarkObjects: 3.418700 ms  DeleteObjects: 0.166400 ms)

AssetImportParameters requested are different than current active one (requested -> active):
  custom:container-demuxer-ogg: 62fdf1f143b41e24485cea50d1cbac27 -> 
  custom:video-decoder-ogg-theora: a1e56fd34408186e4bbccfd4996cb3dc -> 
  custom:framework-win-MediaFoundation: 216162199b28c13a410421893ffa2e32 -> 
  custom:CustomObjectIndexerAttribute: 756ad292c208cfabdd7b50bc23989ffe -> 
  custom:container-demuxer-webm: 4f35f7cbe854078d1ac9338744f61a02 -> 
  custom:container-muxer-webm: aa71ff27fc2769a1b78a27578f13a17b -> 
  custom:video-decoder-webm-vp8: 9c59270c3fd7afecdb556c50c9e8de78 -> 
  custom:SearchIndexIgnoredProperties: e643bd26f0fe6173181afceb89e7c659 -> 
  custom:AudioImporter_EditorPlatform: d09bf68614088b80899f8185d706f6e7 -> 
  custom:video-encoder-webm-vp8: eb34c28f22e8b96e1ab97ce403110664 -> 
  custom:audio-decoder-ogg-vorbis: bf7c407c2cedff20999df2af8eb42d56 -> 
  custom:audio-encoder-webm-vorbis: bf7c407c2cedff20999df2af8eb42d56 -> 
========================================================================
Received Prepare
Begin MonoManager ReloadAssembly
- Loaded All Assemblies, in  0.923 seconds
Refreshing native plugins compatible for Editor in 15.56 ms, found 4 plugins.
Native extension for WindowsStandalone target not found
[Package Manager] Server::EnsureServerProcessIsRunning -- launch failed, reason: Unity was launched with the -noUpm command-line argument
[Package Manager] UpmClient::Send -- Unable to send message (not connected to UPM process).
[Package Manager] Cannot connect to Unity Package Manager local server
Mono: successfully reloaded assembly
- Finished resetting the current domain, in  2.258 seconds
Domain Reload Profiling: 3175ms
	BeginReloadAssembly (316ms)
		ExecutionOrderSort (0ms)
		DisableScriptedObjects (21ms)
		BackupInstance (0ms)
		ReleaseScriptingObjects (0ms)
		CreateAndSetChildDomain (79ms)
	RebuildCommonClasses (67ms)
	RebuildNativeTypeToScriptingClass (23ms)
	initialDomainReloadingComplete (58ms)
	LoadAllAssembliesAndSetupDomain (453ms)
		LoadAssemblies (580ms)
		RebuildTransferFunctionScriptingTraits (0ms)
		AnalyzeDomain (44ms)
			TypeCache.Refresh (16ms)
				TypeCache.ScanAssembly (1ms)
			ScanForSourceGeneratedMonoScriptInfo (16ms)
			ResolveRequiredComponents (11ms)
	FinalizeReload (2259ms)
		ReleaseScriptCaches (0ms)
		RebuildScriptCaches (0ms)
		SetupLoadedEditorAssemblies (637ms)
			LogAssemblyErrors (0ms)
			InitializePlatformSupportModulesInManaged (6ms)
			SetLoadedEditorAssemblies (4ms)
			RefreshPlugins (0ms)
			BeforeProcessingInitializeOnLoad (92ms)
			ProcessInitializeOnLoadAttributes (469ms)
			ProcessInitializeOnLoadMethodAttributes (55ms)
			AfterProcessingInitializeOnLoad (10ms)
			EditorAssembliesLoaded (0ms)
		ExecutionOrderSort2 (0ms)
		AwakeInstancesAfterBackupRestoration (21ms)
Refreshing native plugins compatible for Editor in 24.08 ms, found 4 plugins.
Preloading 0 native plugins for Editor in 0.00 ms.
Unloading 4231 Unused Serialized files (Serialized files now loaded: 0)
Unloading 37 unused Assets / (106.5 KB). Loaded Objects now: 4736.
Memory consumption went from 148.7 MB to 148.6 MB.
Total: 4.132200 ms (FindLiveObjects: 0.371200 ms CreateObjectMapping: 0.380300 ms MarkObjects: 3.294600 ms  DeleteObjects: 0.084700 ms)

Prepare: number of updated asset objects reloaded= 0
AssetImportParameters requested are different than current active one (requested -> active):
  custom:container-demuxer-ogg: 62fdf1f143b41e24485cea50d1cbac27 -> 
  custom:video-decoder-ogg-theora: a1e56fd34408186e4bbccfd4996cb3dc -> 
  custom:framework-win-MediaFoundation: 216162199b28c13a410421893ffa2e32 -> 
  custom:CustomObjectIndexerAttribute: 756ad292c208cfabdd7b50bc23989ffe -> 
  custom:container-demuxer-webm: 4f35f7cbe854078d1ac9338744f61a02 -> 
  custom:container-muxer-webm: aa71ff27fc2769a1b78a27578f13a17b -> 
  custom:video-decoder-webm-vp8: 9c59270c3fd7afecdb556c50c9e8de78 -> 
  custom:SearchIndexIgnoredProperties: e643bd26f0fe6173181afceb89e7c659 -> 
  custom:AudioImporter_EditorPlatform: d09bf68614088b80899f8185d706f6e7 -> 
  custom:video-encoder-webm-vp8: eb34c28f22e8b96e1ab97ce403110664 -> 
  custom:audio-decoder-ogg-vorbis: bf7c407c2cedff20999df2af8eb42d56 -> 
  custom:audio-encoder-webm-vorbis: bf7c407c2cedff20999df2af8eb42d56 -> 
========================================================================
Received Prepare
Begin MonoManager ReloadAssembly
- Loaded All Assemblies, in  0.980 seconds
Refreshing native plugins compatible for Editor in 18.53 ms, found 4 plugins.
Native extension for WindowsStandalone target not found
[Package Manager] Server::EnsureServerProcessIsRunning -- launch failed, reason: Unity was launched with the -noUpm command-line argument
[Package Manager] UpmClient::Send -- Unable to send message (not connected to UPM process).
[Package Manager] Cannot connect to Unity Package Manager local server
Mono: successfully reloaded assembly
- Finished resetting the current domain, in  2.429 seconds
Domain Reload Profiling: 3403ms
	BeginReloadAssembly (244ms)
		ExecutionOrderSort (0ms)
		DisableScriptedObjects (18ms)
		BackupInstance (0ms)
		ReleaseScriptingObjects (0ms)
		CreateAndSetChildDomain (54ms)
	RebuildCommonClasses (78ms)
	RebuildNativeTypeToScriptingClass (23ms)
	initialDomainReloadingComplete (81ms)
	LoadAllAssembliesAndSetupDomain (546ms)
		LoadAssemblies (617ms)
		RebuildTransferFunctionScriptingTraits (0ms)
		AnalyzeDomain (59ms)
			TypeCache.Refresh (16ms)
				TypeCache.ScanAssembly (1ms)
			ScanForSourceGeneratedMonoScriptInfo (24ms)
			ResolveRequiredComponents (18ms)
	FinalizeReload (2430ms)
		ReleaseScriptCaches (0ms)
		RebuildScriptCaches (0ms)
		SetupLoadedEditorAssemblies (696ms)
			LogAssemblyErrors (0ms)
			InitializePlatformSupportModulesInManaged (6ms)
			SetLoadedEditorAssemblies (4ms)
			RefreshPlugins (0ms)
			BeforeProcessingInitializeOnLoad (111ms)
			ProcessInitializeOnLoadAttributes (515ms)
			ProcessInitializeOnLoadMethodAttributes (53ms)
			AfterProcessingInitializeOnLoad (7ms)
			EditorAssembliesLoaded (0ms)
		ExecutionOrderSort2 (0ms)
		AwakeInstancesAfterBackupRestoration (16ms)
Refreshing native plugins compatible for Editor in 19.40 ms, found 4 plugins.
Preloading 0 native plugins for Editor in 0.00 ms.
Unloading 4231 Unused Serialized files (Serialized files now loaded: 0)
Unloading 37 unused Assets / (107.6 KB). Loaded Objects now: 4752.
Memory consumption went from 150.6 MB to 150.5 MB.
Total: 4.039400 ms (FindLiveObjects: 0.360000 ms CreateObjectMapping: 0.393400 ms MarkObjects: 3.196000 ms  DeleteObjects: 0.088700 ms)

Prepare: number of updated asset objects reloaded= 0
AssetImportParameters requested are different than current active one (requested -> active):
  custom:container-demuxer-ogg: 62fdf1f143b41e24485cea50d1cbac27 -> 
  custom:video-decoder-ogg-theora: a1e56fd34408186e4bbccfd4996cb3dc -> 
  custom:framework-win-MediaFoundation: 216162199b28c13a410421893ffa2e32 -> 
  custom:CustomObjectIndexerAttribute: 756ad292c208cfabdd7b50bc23989ffe -> 
  custom:container-demuxer-webm: 4f35f7cbe854078d1ac9338744f61a02 -> 
  custom:container-muxer-webm: aa71ff27fc2769a1b78a27578f13a17b -> 
  custom:video-decoder-webm-vp8: 9c59270c3fd7afecdb556c50c9e8de78 -> 
  custom:SearchIndexIgnoredProperties: e643bd26f0fe6173181afceb89e7c659 -> 
  custom:AudioImporter_EditorPlatform: d09bf68614088b80899f8185d706f6e7 -> 
  custom:video-encoder-webm-vp8: eb34c28f22e8b96e1ab97ce403110664 -> 
  custom:audio-decoder-ogg-vorbis: bf7c407c2cedff20999df2af8eb42d56 -> 
  custom:audio-encoder-webm-vorbis: bf7c407c2cedff20999df2af8eb42d56 -> 
========================================================================
Received Import Request.
  Time since last request: 68751.146360 seconds.
  path: Assets/Scripts/InGame/Canvas/EnhanceBoard.cs
  artifactKey: Guid(aed2a1fe46d13b44cbfa4a0e586e3eb1) Importer(815301076,1909f56bfc062723c751e8b465ee728b)
Start importing Assets/Scripts/InGame/Canvas/EnhanceBoard.cs using Guid(aed2a1fe46d13b44cbfa4a0e586e3eb1) Importer(815301076,1909f56bfc062723c751e8b465ee728b)  -> (artifact id: 'eeaba505df08a9418f1e060c04c0ce7d') in 0.003834 seconds
Number of updated asset objects reloaded before import = 0
Number of asset objects unloaded after import = 0
========================================================================
Received Prepare
Begin MonoManager ReloadAssembly
- Loaded All Assemblies, in  0.814 seconds
Refreshing native plugins compatible for Editor in 14.93 ms, found 4 plugins.
Native extension for WindowsStandalone target not found
[Package Manager] Server::EnsureServerProcessIsRunning -- launch failed, reason: Unity was launched with the -noUpm command-line argument
[Package Manager] UpmClient::Send -- Unable to send message (not connected to UPM process).
[Package Manager] Cannot connect to Unity Package Manager local server
Mono: successfully reloaded assembly
- Finished resetting the current domain, in  4.393 seconds
Domain Reload Profiling: 5203ms
	BeginReloadAssembly (237ms)
		ExecutionOrderSort (0ms)
		DisableScriptedObjects (21ms)
		BackupInstance (0ms)
		ReleaseScriptingObjects (0ms)
		CreateAndSetChildDomain (54ms)
	RebuildCommonClasses (48ms)
	RebuildNativeTypeToScriptingClass (16ms)
	initialDomainReloadingComplete (58ms)
	LoadAllAssembliesAndSetupDomain (448ms)
		LoadAssemblies (522ms)
		RebuildTransferFunctionScriptingTraits (0ms)
		AnalyzeDomain (41ms)
			TypeCache.Refresh (13ms)
				TypeCache.ScanAssembly (1ms)
			ScanForSourceGeneratedMonoScriptInfo (16ms)
			ResolveRequiredComponents (10ms)
	FinalizeReload (4396ms)
		ReleaseScriptCaches (0ms)
		RebuildScriptCaches (0ms)
		SetupLoadedEditorAssemblies (1187ms)
			LogAssemblyErrors (0ms)
			InitializePlatformSupportModulesInManaged (16ms)
			SetLoadedEditorAssemblies (10ms)
			RefreshPlugins (0ms)
			BeforeProcessingInitializeOnLoad (182ms)
			ProcessInitializeOnLoadAttributes (839ms)
			ProcessInitializeOnLoadMethodAttributes (125ms)
			AfterProcessingInitializeOnLoad (15ms)
			EditorAssembliesLoaded (1ms)
		ExecutionOrderSort2 (0ms)
		AwakeInstancesAfterBackupRestoration (35ms)
Refreshing native plugins compatible for Editor in 14.30 ms, found 4 plugins.
Preloading 0 native plugins for Editor in 0.00 ms.
Unloading 4231 Unused Serialized files (Serialized files now loaded: 0)
Unloading 37 unused Assets / (106.4 KB). Loaded Objects now: 4769.
Memory consumption went from 152.3 MB to 152.2 MB.
Total: 3.832000 ms (FindLiveObjects: 0.353400 ms CreateObjectMapping: 0.347400 ms MarkObjects: 3.033900 ms  DeleteObjects: 0.096100 ms)

Prepare: number of updated asset objects reloaded= 0
AssetImportParameters requested are different than current active one (requested -> active):
  custom:container-demuxer-ogg: 62fdf1f143b41e24485cea50d1cbac27 -> 
  custom:video-decoder-ogg-theora: a1e56fd34408186e4bbccfd4996cb3dc -> 
  custom:framework-win-MediaFoundation: 216162199b28c13a410421893ffa2e32 -> 
  custom:CustomObjectIndexerAttribute: 756ad292c208cfabdd7b50bc23989ffe -> 
  custom:container-demuxer-webm: 4f35f7cbe854078d1ac9338744f61a02 -> 
  custom:container-muxer-webm: aa71ff27fc2769a1b78a27578f13a17b -> 
  custom:video-decoder-webm-vp8: 9c59270c3fd7afecdb556c50c9e8de78 -> 
  custom:SearchIndexIgnoredProperties: e643bd26f0fe6173181afceb89e7c659 -> 
  custom:AudioImporter_EditorPlatform: d09bf68614088b80899f8185d706f6e7 -> 
  custom:video-encoder-webm-vp8: eb34c28f22e8b96e1ab97ce403110664 -> 
  custom:audio-decoder-ogg-vorbis: bf7c407c2cedff20999df2af8eb42d56 -> 
  custom:audio-encoder-webm-vorbis: bf7c407c2cedff20999df2af8eb42d56 -> 
========================================================================
Received Import Request.
  Time since last request: 33.739601 seconds.
  path: Assets/External Assets
  artifactKey: Guid(33a01e42851e7b346b31a05ded519448) Importer(815301076,1909f56bfc062723c751e8b465ee728b)
Start importing Assets/External Assets using Guid(33a01e42851e7b346b31a05ded519448) Importer(815301076,1909f56bfc062723c751e8b465ee728b)  -> (artifact id: 'bb1ae191d39d81a444a581ce5306a526') in 0.001836 seconds
Number of updated asset objects reloaded before import = 0
Number of asset objects unloaded after import = 0
========================================================================
Received Import Request.
  Time since last request: 3.208016 seconds.
  path: Assets/External Assets/Gothicvania-Town
  artifactKey: Guid(829458a9d46243b469b63e503c1cb91d) Importer(815301076,1909f56bfc062723c751e8b465ee728b)
Start importing Assets/External Assets/Gothicvania-Town using Guid(829458a9d46243b469b63e503c1cb91d) Importer(815301076,1909f56bfc062723c751e8b465ee728b)  -> (artifact id: '37befad96dfb2b119814f9165678ebf4') in 0.000582 seconds
Number of updated asset objects reloaded before import = 0
Number of asset objects unloaded after import = 0
========================================================================
Received Import Request.
  Time since last request: 0.902117 seconds.
  path: Assets/External Assets/Gothicvania-Town/Art
  artifactKey: Guid(c2b75d76344fa4eb2a35e43ceff06d21) Importer(815301076,1909f56bfc062723c751e8b465ee728b)
Start importing Assets/External Assets/Gothicvania-Town/Art using Guid(c2b75d76344fa4eb2a35e43ceff06d21) Importer(815301076,1909f56bfc062723c751e8b465ee728b)  -> (artifact id: 'a5c977d0655f7910ea7812e8a8e63860') in 0.000437 seconds
Number of updated asset objects reloaded before import = 0
Number of asset objects unloaded after import = 0
========================================================================
Received Import Request.
  Time since last request: 0.417358 seconds.
  path: Assets/External Assets/Gothicvania-Town/Art/Sprites
  artifactKey: Guid(f8b057f1ccf424086a146d170a33bb29) Importer(815301076,1909f56bfc062723c751e8b465ee728b)
Start importing Assets/External Assets/Gothicvania-Town/Art/Sprites using Guid(f8b057f1ccf424086a146d170a33bb29) Importer(815301076,1909f56bfc062723c751e8b465ee728b)  -> (artifact id: '6dc3acfc0fd61c58ceaa688b43f66a6d') in 0.000557 seconds
Number of updated asset objects reloaded before import = 0
Number of asset objects unloaded after import = 0
========================================================================
Received Import Request.
  Time since last request: 0.376601 seconds.
  path: Assets/External Assets/Gothicvania-Town/Art/Sprites/bearded-idle
  artifactKey: Guid(6050d2feb234b4548aa74aee7650baa6) Importer(815301076,1909f56bfc062723c751e8b465ee728b)
Start importing Assets/External Assets/Gothicvania-Town/Art/Sprites/bearded-idle using Guid(6050d2feb234b4548aa74aee7650baa6) Importer(815301076,1909f56bfc062723c751e8b465ee728b)  -> (artifact id: 'f6195b4cb37d3d340ce561e1fc5a142e') in 0.000442 seconds
Number of updated asset objects reloaded before import = 0
Number of asset objects unloaded after import = 0
========================================================================
Received Import Request.
  Time since last request: 3.022550 seconds.
  path: Assets/External Assets/Slime
  artifactKey: Guid(a48128da0f885564fbaf33d1a522be94) Importer(815301076,1909f56bfc062723c751e8b465ee728b)
Start importing Assets/External Assets/Slime using Guid(a48128da0f885564fbaf33d1a522be94) Importer(815301076,1909f56bfc062723c751e8b465ee728b)  -> (artifact id: '492041021d5ba94c752467853eaad35b') in 0.000557 seconds
Number of updated asset objects reloaded before import = 0
Number of asset objects unloaded after import = 0
========================================================================
Received Import Request.
  Time since last request: 1.299748 seconds.
  path: Assets/External Assets/simple UI & icons
  artifactKey: Guid(e4a404964eaff474ba7e033435dcb45a) Importer(815301076,1909f56bfc062723c751e8b465ee728b)
Start importing Assets/External Assets/simple UI & icons using Guid(e4a404964eaff474ba7e033435dcb45a) Importer(815301076,1909f56bfc062723c751e8b465ee728b)  -> (artifact id: 'fa073ac5b31cb5b85060de0374f9749e') in 0.000466 seconds
Number of updated asset objects reloaded before import = 0
Number of asset objects unloaded after import = 0
========================================================================
Received Import Request.
  Time since last request: 3.654628 seconds.
  path: Assets/External Assets/PlayerIconUI
  artifactKey: Guid(42b0acf045de3b44e88c5ec258f0bfe5) Importer(815301076,1909f56bfc062723c751e8b465ee728b)
Start importing Assets/External Assets/PlayerIconUI using Guid(42b0acf045de3b44e88c5ec258f0bfe5) Importer(815301076,1909f56bfc062723c751e8b465ee728b)  -> (artifact id: '3225c8409bb76a8994d50edfdb0d55f6') in 0.000562 seconds
Number of updated asset objects reloaded before import = 0
Number of asset objects unloaded after import = 0
========================================================================
Received Import Request.
  Time since last request: 3.451405 seconds.
  path: Assets/External Assets/Monsters Creatures Fantasy
  artifactKey: Guid(0c17d0dec1d9b194a9d3dd9203ad38ef) Importer(815301076,1909f56bfc062723c751e8b465ee728b)
Start importing Assets/External Assets/Monsters Creatures Fantasy using Guid(0c17d0dec1d9b194a9d3dd9203ad38ef) Importer(815301076,1909f56bfc062723c751e8b465ee728b)  -> (artifact id: '177e31e3d04eb315725066d739ce7d45') in 0.000811 seconds
Number of updated asset objects reloaded before import = 0
Number of asset objects unloaded after import = 0
========================================================================
Received Import Request.
  Time since last request: 1.321992 seconds.
  path: Assets/External Assets/Monsters Creatures Fantasy/Sprites
  artifactKey: Guid(4996574f823d4d4428b84c837beed802) Importer(815301076,1909f56bfc062723c751e8b465ee728b)
Start importing Assets/External Assets/Monsters Creatures Fantasy/Sprites using Guid(4996574f823d4d4428b84c837beed802) Importer(815301076,1909f56bfc062723c751e8b465ee728b)  -> (artifact id: '64f6f958d126f1ea30bff80b3eda3443') in 0.000559 seconds
Number of updated asset objects reloaded before import = 0
Number of asset objects unloaded after import = 0
========================================================================
Received Import Request.
  Time since last request: 178.261918 seconds.
  path: Assets/GUI_Parts
  artifactKey: Guid(27c5f2121f04da646b14a28a152d217b) Importer(815301076,1909f56bfc062723c751e8b465ee728b)
Start importing Assets/GUI_Parts using Guid(27c5f2121f04da646b14a28a152d217b) Importer(815301076,1909f56bfc062723c751e8b465ee728b)  -> (artifact id: '2fd97eca672e106628cf336884895762') in 0.000791 seconds
Number of updated asset objects reloaded before import = 0
Number of asset objects unloaded after import = 0
========================================================================
Received Import Request.
  Time since last request: 0.882332 seconds.
  path: Assets/GUI_Parts/Gui_parts
  artifactKey: Guid(a957a67a46c13fc4896c247b570581f4) Importer(815301076,1909f56bfc062723c751e8b465ee728b)
Start importing Assets/GUI_Parts/Gui_parts using Guid(a957a67a46c13fc4896c247b570581f4) Importer(815301076,1909f56bfc062723c751e8b465ee728b)  -> (artifact id: 'db10a6aa123c33a8b0ee796f20af47f1') in 0.000438 seconds
Number of updated asset objects reloaded before import = 0
Number of asset objects unloaded after import = 0
========================================================================
Received Import Request.
  Time since last request: 0.094974 seconds.
  path: Assets/GUI_Parts/Gui_parts/bar_ready.png
  artifactKey: Guid(c241e847af767d148b898393a975bb22) Importer(815301076,1909f56bfc062723c751e8b465ee728b)
Start importing Assets/GUI_Parts/Gui_parts/bar_ready.png using Guid(c241e847af767d148b898393a975bb22) Importer(815301076,1909f56bfc062723c751e8b465ee728b)  -> (artifact id: '4fea5afa8189c9797cef275ac8562e40') in 0.215356 seconds
Number of updated asset objects reloaded before import = 0
Number of asset objects unloaded after import = 3
========================================================================
Received Import Request.
  Time since last request: 0.000041 seconds.
  path: Assets/GUI_Parts/Gui_parts/lil_roundbackground.png
  artifactKey: Guid(ed5c91c32b9b0af4e851c25c03211f16) Importer(815301076,1909f56bfc062723c751e8b465ee728b)
Start importing Assets/GUI_Parts/Gui_parts/lil_roundbackground.png using Guid(ed5c91c32b9b0af4e851c25c03211f16) Importer(815301076,1909f56bfc062723c751e8b465ee728b)  -> (artifact id: 'aae1564d2083659ab4f67e64f08994ec') in 0.038970 seconds
Number of updated asset objects reloaded before import = 0
Number of asset objects unloaded after import = 3
========================================================================
Received Import Request.
  Time since last request: 0.000039 seconds.
  path: Assets/GUI_Parts/Gui_parts/Frame_mid.png
  artifactKey: Guid(d5bda4f272648f34c8020e4e2772de3f) Importer(815301076,1909f56bfc062723c751e8b465ee728b)
Start importing Assets/GUI_Parts/Gui_parts/Frame_mid.png using Guid(d5bda4f272648f34c8020e4e2772de3f) Importer(815301076,1909f56bfc062723c751e8b465ee728b)  -> (artifact id: 'b00c1c008d6c37864a1367a3a0cec6ff') in 0.042811 seconds
Number of updated asset objects reloaded before import = 0
Number of asset objects unloaded after import = 3
========================================================================
Received Import Request.
  Time since last request: 0.000038 seconds.
  path: Assets/GUI_Parts/Gui_parts/Frame_mid_2.png
  artifactKey: Guid(9b886b001545f4f4798d6e3b78a3cfa2) Importer(815301076,1909f56bfc062723c751e8b465ee728b)
Start importing Assets/GUI_Parts/Gui_parts/Frame_mid_2.png using Guid(9b886b001545f4f4798d6e3b78a3cfa2) Importer(815301076,1909f56bfc062723c751e8b465ee728b)  -> (artifact id: '95cbd0405c84994f82672d64d1c01c0c') in 0.043089 seconds
Number of updated asset objects reloaded before import = 0
Number of asset objects unloaded after import = 3
========================================================================
Received Import Request.
  Time since last request: 0.000042 seconds.
  path: Assets/GUI_Parts/Gui_parts/warrior_silhouette_man.png
  artifactKey: Guid(cc8e2be9532fbc543af51c6932181466) Importer(815301076,1909f56bfc062723c751e8b465ee728b)
Start importing Assets/GUI_Parts/Gui_parts/warrior_silhouette_man.png using Guid(cc8e2be9532fbc543af51c6932181466) Importer(815301076,1909f56bfc062723c751e8b465ee728b)  -> (artifact id: 'e72851f2c0d6625fc4736be9c5fd4171') in 0.045401 seconds
Number of updated asset objects reloaded before import = 0
Number of asset objects unloaded after import = 3
========================================================================
Received Import Request.
  Time since last request: 0.000096 seconds.
  path: Assets/GUI_Parts/Gui_parts/button2.png
  artifactKey: Guid(711fb7a2b8e1ff54da609e52c3e729b8) Importer(815301076,1909f56bfc062723c751e8b465ee728b)
Start importing Assets/GUI_Parts/Gui_parts/button2.png using Guid(711fb7a2b8e1ff54da609e52c3e729b8) Importer(815301076,1909f56bfc062723c751e8b465ee728b)  -> (artifact id: '95b5f1aa85246c3173ce276f412a8ec4') in 0.042330 seconds
Number of updated asset objects reloaded before import = 0
Number of asset objects unloaded after import = 3
========================================================================
Received Import Request.
  Time since last request: 0.000027 seconds.
  path: Assets/GUI_Parts/Gui_parts/warrior_silhouette_woman.png
  artifactKey: Guid(acf24f91ea86d2140b7efa39f2011f06) Importer(815301076,1909f56bfc062723c751e8b465ee728b)
Start importing Assets/GUI_Parts/Gui_parts/warrior_silhouette_woman.png using Guid(acf24f91ea86d2140b7efa39f2011f06) Importer(815301076,1909f56bfc062723c751e8b465ee728b)  -> (artifact id: '13616bf2e24add1483032f1929eacc0c') in 0.034680 seconds
Number of updated asset objects reloaded before import = 0
Number of asset objects unloaded after import = 3
========================================================================
Received Import Request.
  Time since last request: 0.000021 seconds.
  path: Assets/GUI_Parts/Gui_parts/button.png
  artifactKey: Guid(485cd2ab0486a8e4aaa55e94ec27c6b6) Importer(815301076,1909f56bfc062723c751e8b465ee728b)
Start importing Assets/GUI_Parts/Gui_parts/button.png using Guid(485cd2ab0486a8e4aaa55e94ec27c6b6) Importer(815301076,1909f56bfc062723c751e8b465ee728b)  -> (artifact id: '6949147e37dc03b24ed6566ff22612ed') in 0.036746 seconds
Number of updated asset objects reloaded before import = 0
Number of asset objects unloaded after import = 3
========================================================================
Received Import Request.
  Time since last request: 0.000030 seconds.
  path: Assets/GUI_Parts/Gui_parts/Mini_frame1.png
  artifactKey: Guid(9a38d34966735d24e9cda5ecb0a183bc) Importer(815301076,1909f56bfc062723c751e8b465ee728b)
Start importing Assets/GUI_Parts/Gui_parts/Mini_frame1.png using Guid(9a38d34966735d24e9cda5ecb0a183bc) Importer(815301076,1909f56bfc062723c751e8b465ee728b)  -> (artifact id: '5255d9e2677e6bb21377a845c949bbc2') in 0.041778 seconds
Number of updated asset objects reloaded before import = 0
Number of asset objects unloaded after import = 3
========================================================================
Received Import Request.
  Time since last request: 0.000030 seconds.
  path: Assets/GUI_Parts/Gui_parts/Mini_frame0.png
  artifactKey: Guid(4293f3f43e7a5524dbcb191b0ef09d9c) Importer(815301076,1909f56bfc062723c751e8b465ee728b)
Start importing Assets/GUI_Parts/Gui_parts/Mini_frame0.png using Guid(4293f3f43e7a5524dbcb191b0ef09d9c) Importer(815301076,1909f56bfc062723c751e8b465ee728b)  -> (artifact id: '48d0c7dc6b9e62fa33b3aa92b08bd5ed') in 0.046471 seconds
Number of updated asset objects reloaded before import = 0
Number of asset objects unloaded after import = 3
========================================================================
Received Import Request.
  Time since last request: 0.000044 seconds.
  path: Assets/GUI_Parts/Gui_parts/button_frame.png
  artifactKey: Guid(7364a4590b0bc38428e39dd6dc8e7a65) Importer(815301076,1909f56bfc062723c751e8b465ee728b)
Start importing Assets/GUI_Parts/Gui_parts/button_frame.png using Guid(7364a4590b0bc38428e39dd6dc8e7a65) Importer(815301076,1909f56bfc062723c751e8b465ee728b)  -> (artifact id: '92c5f028f5022409b1638e99fac70b5f') in 0.047043 seconds
Number of updated asset objects reloaded before import = 0
Number of asset objects unloaded after import = 3
========================================================================
Received Import Request.
  Time since last request: 0.000048 seconds.
  path: Assets/GUI_Parts/Gui_parts/Mini_background.png
  artifactKey: Guid(4f033cdd2b09f9a43b139729d09d002c) Importer(815301076,1909f56bfc062723c751e8b465ee728b)
Start importing Assets/GUI_Parts/Gui_parts/Mini_background.png using Guid(4f033cdd2b09f9a43b139729d09d002c) Importer(815301076,1909f56bfc062723c751e8b465ee728b)  -> (artifact id: '9b3106d78c1a86e35de3ff90b24c4c43') in 0.054513 seconds
Number of updated asset objects reloaded before import = 0
Number of asset objects unloaded after import = 3
========================================================================
Received Import Request.
  Time since last request: 0.000032 seconds.
  path: Assets/GUI_Parts/Gui_parts/mid_background.png
  artifactKey: Guid(f203f165ae401fe46ada0ed50d07149c) Importer(815301076,1909f56bfc062723c751e8b465ee728b)
Start importing Assets/GUI_Parts/Gui_parts/mid_background.png using Guid(f203f165ae401fe46ada0ed50d07149c) Importer(815301076,1909f56bfc062723c751e8b465ee728b)  -> (artifact id: '466b3e35d69eedcc6b159f63724aa0d2') in 0.048787 seconds
Number of updated asset objects reloaded before import = 0
Number of asset objects unloaded after import = 3
========================================================================
Received Import Request.
  Time since last request: 0.000048 seconds.
  path: Assets/GUI_Parts/Gui_parts/name_bar.png
  artifactKey: Guid(7491a4e8767295b409ec7ee0eed9d694) Importer(815301076,1909f56bfc062723c751e8b465ee728b)
Start importing Assets/GUI_Parts/Gui_parts/name_bar.png using Guid(7491a4e8767295b409ec7ee0eed9d694) Importer(815301076,1909f56bfc062723c751e8b465ee728b)  -> (artifact id: '0d6433af59e764eccd7c10e60f3e238a') in 0.054565 seconds
Number of updated asset objects reloaded before import = 0
Number of asset objects unloaded after import = 3
========================================================================
Received Import Request.
  Time since last request: 0.000038 seconds.
  path: Assets/GUI_Parts/Gui_parts/name_bar3.png
  artifactKey: Guid(12eaceb7341922b4398ff20c8bbcff90) Importer(815301076,1909f56bfc062723c751e8b465ee728b)
Start importing Assets/GUI_Parts/Gui_parts/name_bar3.png using Guid(12eaceb7341922b4398ff20c8bbcff90) Importer(815301076,1909f56bfc062723c751e8b465ee728b)  -> (artifact id: '86b5a2ced34e632ea7cddbc2eb167f45') in 0.044540 seconds
Number of updated asset objects reloaded before import = 0
Number of asset objects unloaded after import = 3
========================================================================
Received Import Request.
  Time since last request: 0.000031 seconds.
  path: Assets/GUI_Parts/Gui_parts/button_ready_on.png
  artifactKey: Guid(c9006339b2156b142934eac2999ef67c) Importer(815301076,1909f56bfc062723c751e8b465ee728b)
Start importing Assets/GUI_Parts/Gui_parts/button_ready_on.png using Guid(c9006339b2156b142934eac2999ef67c) Importer(815301076,1909f56bfc062723c751e8b465ee728b)  -> (artifact id: '9d5c7cec5dd82eebf461e161318f37ef') in 0.044759 seconds
Number of updated asset objects reloaded before import = 0
Number of asset objects unloaded after import = 3
========================================================================
Received Import Request.
  Time since last request: 33.863701 seconds.
  path: Assets/Scenes/Town.unity
  artifactKey: Guid(48763e7e91e479043a0b33587aecee97) Importer(815301076,1909f56bfc062723c751e8b465ee728b)
Start importing Assets/Scenes/Town.unity using Guid(48763e7e91e479043a0b33587aecee97) Importer(815301076,1909f56bfc062723c751e8b465ee728b)  -> (artifact id: '01a799bd050a80fa3ac02e9b6a9c6050') in 0.000975 seconds
Number of updated asset objects reloaded before import = 0
Number of asset objects unloaded after import = 0
========================================================================
Received Import Request.
  Time since last request: 0.463835 seconds.
  path: Assets/Scenes/Tutorial.unity
  artifactKey: Guid(cac9b4b75fbe23f45b47cb0e1cff5e69) Importer(815301076,1909f56bfc062723c751e8b465ee728b)
Start importing Assets/Scenes/Tutorial.unity using Guid(cac9b4b75fbe23f45b47cb0e1cff5e69) Importer(815301076,1909f56bfc062723c751e8b465ee728b)  -> (artifact id: '07ef9ebb421072c855c24c63b11d672a') in 0.000793 seconds
Number of updated asset objects reloaded before import = 0
Number of asset objects unloaded after import = 0
========================================================================
Received Import Request.
  Time since last request: 34.800037 seconds.
  path: Assets/Prefab/Character.prefab
  artifactKey: Guid(7e324e05ac7d20b45ac2bc3b2b107520) Importer(815301076,1909f56bfc062723c751e8b465ee728b)
Start importing Assets/Prefab/Character.prefab using Guid(7e324e05ac7d20b45ac2bc3b2b107520) Importer(815301076,1909f56bfc062723c751e8b465ee728b)  -> (artifact id: '23aeda4f935b59be837e4f1f831a6177') in 0.287710 seconds
Number of updated asset objects reloaded before import = 0
Number of asset objects unloaded after import = 143
========================================================================
Received Prepare
Begin MonoManager ReloadAssembly
- Loaded All Assemblies, in  0.767 seconds
Refreshing native plugins compatible for Editor in 14.19 ms, found 4 plugins.
Native extension for WindowsStandalone target not found
[Package Manager] Server::EnsureServerProcessIsRunning -- launch failed, reason: Unity was launched with the -noUpm command-line argument
[Package Manager] UpmClient::Send -- Unable to send message (not connected to UPM process).
[Package Manager] Cannot connect to Unity Package Manager local server
Mono: successfully reloaded assembly
- Finished resetting the current domain, in  2.514 seconds
Domain Reload Profiling: 3277ms
	BeginReloadAssembly (249ms)
		ExecutionOrderSort (0ms)
		DisableScriptedObjects (22ms)
		BackupInstance (0ms)
		ReleaseScriptingObjects (0ms)
		CreateAndSetChildDomain (68ms)
	RebuildCommonClasses (61ms)
	RebuildNativeTypeToScriptingClass (16ms)
	initialDomainReloadingComplete (44ms)
	LoadAllAssembliesAndSetupDomain (391ms)
		LoadAssemblies (485ms)
		RebuildTransferFunctionScriptingTraits (0ms)
		AnalyzeDomain (21ms)
			TypeCache.Refresh (9ms)
				TypeCache.ScanAssembly (0ms)
			ScanForSourceGeneratedMonoScriptInfo (0ms)
			ResolveRequiredComponents (11ms)
	FinalizeReload (2515ms)
		ReleaseScriptCaches (0ms)
		RebuildScriptCaches (0ms)
		SetupLoadedEditorAssemblies (572ms)
			LogAssemblyErrors (0ms)
			InitializePlatformSupportModulesInManaged (8ms)
			SetLoadedEditorAssemblies (5ms)
			RefreshPlugins (0ms)
			BeforeProcessingInitializeOnLoad (98ms)
			ProcessInitializeOnLoadAttributes (413ms)
			ProcessInitializeOnLoadMethodAttributes (42ms)
			AfterProcessingInitializeOnLoad (6ms)
			EditorAssembliesLoaded (0ms)
		ExecutionOrderSort2 (0ms)
		AwakeInstancesAfterBackupRestoration (16ms)
Refreshing native plugins compatible for Editor in 17.27 ms, found 4 plugins.
Preloading 0 native plugins for Editor in 0.00 ms.
Unloading 4231 Unused Serialized files (Serialized files now loaded: 0)
Unloading 41 unused Assets / (109.0 KB). Loaded Objects now: 4806.
Memory consumption went from 158.9 MB to 158.8 MB.
Total: 3.907900 ms (FindLiveObjects: 0.362400 ms CreateObjectMapping: 0.354700 ms MarkObjects: 3.027300 ms  DeleteObjects: 0.162600 ms)

Prepare: number of updated asset objects reloaded= 0
AssetImportParameters requested are different than current active one (requested -> active):
  custom:container-demuxer-ogg: 62fdf1f143b41e24485cea50d1cbac27 -> 
  custom:video-decoder-ogg-theora: a1e56fd34408186e4bbccfd4996cb3dc -> 
  custom:framework-win-MediaFoundation: 216162199b28c13a410421893ffa2e32 -> 
  custom:CustomObjectIndexerAttribute: 756ad292c208cfabdd7b50bc23989ffe -> 
  custom:container-demuxer-webm: 4f35f7cbe854078d1ac9338744f61a02 -> 
  custom:container-muxer-webm: aa71ff27fc2769a1b78a27578f13a17b -> 
  custom:video-decoder-webm-vp8: 9c59270c3fd7afecdb556c50c9e8de78 -> 
  custom:SearchIndexIgnoredProperties: e643bd26f0fe6173181afceb89e7c659 -> 
  custom:AudioImporter_EditorPlatform: d09bf68614088b80899f8185d706f6e7 -> 
  custom:video-encoder-webm-vp8: eb34c28f22e8b96e1ab97ce403110664 -> 
  custom:audio-decoder-ogg-vorbis: bf7c407c2cedff20999df2af8eb42d56 -> 
  custom:audio-encoder-webm-vorbis: bf7c407c2cedff20999df2af8eb42d56 -> 
========================================================================
Received Prepare
Begin MonoManager ReloadAssembly
- Loaded All Assemblies, in  0.734 seconds
Refreshing native plugins compatible for Editor in 13.66 ms, found 4 plugins.
Native extension for WindowsStandalone target not found
[Package Manager] Server::EnsureServerProcessIsRunning -- launch failed, reason: Unity was launched with the -noUpm command-line argument
[Package Manager] UpmClient::Send -- Unable to send message (not connected to UPM process).
[Package Manager] Cannot connect to Unity Package Manager local server
Mono: successfully reloaded assembly
- Finished resetting the current domain, in  3.667 seconds
Domain Reload Profiling: 4398ms
	BeginReloadAssembly (244ms)
		ExecutionOrderSort (0ms)
		DisableScriptedObjects (15ms)
		BackupInstance (0ms)
		ReleaseScriptingObjects (0ms)
		CreateAndSetChildDomain (58ms)
	RebuildCommonClasses (52ms)
	RebuildNativeTypeToScriptingClass (17ms)
	initialDomainReloadingComplete (41ms)
	LoadAllAssembliesAndSetupDomain (376ms)
		LoadAssemblies (482ms)
		RebuildTransferFunctionScriptingTraits (0ms)
		AnalyzeDomain (19ms)
			TypeCache.Refresh (8ms)
				TypeCache.ScanAssembly (0ms)
			ScanForSourceGeneratedMonoScriptInfo (0ms)
			ResolveRequiredComponents (10ms)
	FinalizeReload (3669ms)
		ReleaseScriptCaches (0ms)
		RebuildScriptCaches (0ms)
		SetupLoadedEditorAssemblies (1189ms)
			LogAssemblyErrors (0ms)
			InitializePlatformSupportModulesInManaged (13ms)
			SetLoadedEditorAssemblies (7ms)
			RefreshPlugins (0ms)
			BeforeProcessingInitializeOnLoad (169ms)
			ProcessInitializeOnLoadAttributes (876ms)
			ProcessInitializeOnLoadMethodAttributes (108ms)
			AfterProcessingInitializeOnLoad (15ms)
			EditorAssembliesLoaded (1ms)
		ExecutionOrderSort2 (0ms)
		AwakeInstancesAfterBackupRestoration (37ms)
Refreshing native plugins compatible for Editor in 18.14 ms, found 4 plugins.
Preloading 0 native plugins for Editor in 0.00 ms.
Unloading 4232 Unused Serialized files (Serialized files now loaded: 0)
Unloading 37 unused Assets / (106.5 KB). Loaded Objects now: 4822.
Memory consumption went from 161.1 MB to 161.0 MB.
Total: 6.554800 ms (FindLiveObjects: 0.502500 ms CreateObjectMapping: 0.511000 ms MarkObjects: 5.420400 ms  DeleteObjects: 0.119400 ms)

Prepare: number of updated asset objects reloaded= 0
AssetImportParameters requested are different than current active one (requested -> active):
  custom:container-demuxer-ogg: 62fdf1f143b41e24485cea50d1cbac27 -> 
  custom:video-decoder-ogg-theora: a1e56fd34408186e4bbccfd4996cb3dc -> 
  custom:framework-win-MediaFoundation: 216162199b28c13a410421893ffa2e32 -> 
  custom:CustomObjectIndexerAttribute: 756ad292c208cfabdd7b50bc23989ffe -> 
  custom:container-demuxer-webm: 4f35f7cbe854078d1ac9338744f61a02 -> 
  custom:container-muxer-webm: aa71ff27fc2769a1b78a27578f13a17b -> 
  custom:video-decoder-webm-vp8: 9c59270c3fd7afecdb556c50c9e8de78 -> 
  custom:SearchIndexIgnoredProperties: e643bd26f0fe6173181afceb89e7c659 -> 
  custom:AudioImporter_EditorPlatform: d09bf68614088b80899f8185d706f6e7 -> 
  custom:video-encoder-webm-vp8: eb34c28f22e8b96e1ab97ce403110664 -> 
  custom:audio-decoder-ogg-vorbis: bf7c407c2cedff20999df2af8eb42d56 -> 
  custom:audio-encoder-webm-vorbis: bf7c407c2cedff20999df2af8eb42d56 -> 
========================================================================
Received Import Request.
  Time since last request: 372.945225 seconds.
  path: Assets/Prefab/Character.prefab
  artifactKey: Guid(7e324e05ac7d20b45ac2bc3b2b107520) Importer(815301076,1909f56bfc062723c751e8b465ee728b)
Start importing Assets/Prefab/Character.prefab using Guid(7e324e05ac7d20b45ac2bc3b2b107520) Importer(815301076,1909f56bfc062723c751e8b465ee728b)  -> (artifact id: '14dc6a7a22e2fe1ed9c5a11b387299fd') in 0.336776 seconds
Number of updated asset objects reloaded before import = 0
Number of asset objects unloaded after import = 151
========================================================================
Received Import Request.
  Time since last request: 52.440896 seconds.
  path: Assets/External Assets/PlayerIconUI/Hand Drawn RPG Icons/Icons/helmet_iron.png
  artifactKey: Guid(374ebe0ed57485383aa9263f087830dd) Importer(815301076,1909f56bfc062723c751e8b465ee728b)
Start importing Assets/External Assets/PlayerIconUI/Hand Drawn RPG Icons/Icons/helmet_iron.png using Guid(374ebe0ed57485383aa9263f087830dd) Importer(815301076,1909f56bfc062723c751e8b465ee728b)  -> (artifact id: '329d4ef2365241f0bb5eb3458d5f17e5') in 0.087564 seconds
Number of updated asset objects reloaded before import = 0
Number of asset objects unloaded after import = 3
========================================================================
Received Import Request.
  Time since last request: 0.000029 seconds.
  path: Assets/External Assets/simple UI & icons/icons/icon_05.png
  artifactKey: Guid(e36d0c8caa3e8a64187ebb71b1c589b6) Importer(815301076,1909f56bfc062723c751e8b465ee728b)
Start importing Assets/External Assets/simple UI & icons/icons/icon_05.png using Guid(e36d0c8caa3e8a64187ebb71b1c589b6) Importer(815301076,1909f56bfc062723c751e8b465ee728b)  -> (artifact id: '56fe8a3cfe312f47f3d39c8c76361464') in 0.051243 seconds
Number of updated asset objects reloaded before import = 0
Number of asset objects unloaded after import = 3
========================================================================
Received Import Request.
  Time since last request: 0.000041 seconds.
  path: Assets/External Assets/simple UI & icons/icons/icon_03.png
  artifactKey: Guid(a1159ed9b89dbe04ba0056251e64e58a) Importer(815301076,1909f56bfc062723c751e8b465ee728b)
Start importing Assets/External Assets/simple UI & icons/icons/icon_03.png using Guid(a1159ed9b89dbe04ba0056251e64e58a) Importer(815301076,1909f56bfc062723c751e8b465ee728b)  -> (artifact id: '3eeebbbb2df5175a8931ca015ff8972d') in 0.048060 seconds
Number of updated asset objects reloaded before import = 0
Number of asset objects unloaded after import = 3
========================================================================
Received Import Request.
  Time since last request: 0.000028 seconds.
  path: Assets/External Assets/simple UI & icons/icons/icon_04.png
  artifactKey: Guid(8a394ad1372b8294f99ad9d2c33f59ad) Importer(815301076,1909f56bfc062723c751e8b465ee728b)
Start importing Assets/External Assets/simple UI & icons/icons/icon_04.png using Guid(8a394ad1372b8294f99ad9d2c33f59ad) Importer(815301076,1909f56bfc062723c751e8b465ee728b)  -> (artifact id: '59a38a343fab7d6cf2e6cf4c5f54e20b') in 0.045798 seconds
Number of updated asset objects reloaded before import = 0
Number of asset objects unloaded after import = 3
========================================================================
Received Import Request.
  Time since last request: 0.000021 seconds.
  path: Assets/External Assets/simple UI & icons/icons/icon_01.png
  artifactKey: Guid(8f9f91a1bccbc7242b4c42bb7ae4e3d2) Importer(815301076,1909f56bfc062723c751e8b465ee728b)
Start importing Assets/External Assets/simple UI & icons/icons/icon_01.png using Guid(8f9f91a1bccbc7242b4c42bb7ae4e3d2) Importer(815301076,1909f56bfc062723c751e8b465ee728b)  -> (artifact id: '0f09325ccfa6c3de06c96a89ef297d06') in 0.042758 seconds
Number of updated asset objects reloaded before import = 0
Number of asset objects unloaded after import = 3
========================================================================
Received Import Request.
  Time since last request: 2.291947 seconds.
  path: Assets/External Assets/Gothicvania-Town/Art/Sprites/hat-man-walk/hat-man-walk-6.png
  artifactKey: Guid(1df3bc45aab8c47cfb1bf1567210f563) Importer(815301076,1909f56bfc062723c751e8b465ee728b)
Start importing Assets/External Assets/Gothicvania-Town/Art/Sprites/hat-man-walk/hat-man-walk-6.png using Guid(1df3bc45aab8c47cfb1bf1567210f563) Importer(815301076,1909f56bfc062723c751e8b465ee728b)  -> (artifact id: '1b0d4c180ab61fc6871a2734ee0deaac') in 0.033221 seconds
Number of updated asset objects reloaded before import = 0
Number of asset objects unloaded after import = 3
========================================================================
Received Import Request.
  Time since last request: 0.000025 seconds.
  path: Assets/External Assets/Gothicvania-Town/Art/Sprites/hat-man-idle/hat-man-idle-2.png
  artifactKey: Guid(d7886951770614509b79fc9c1bdb69b1) Importer(815301076,1909f56bfc062723c751e8b465ee728b)
Start importing Assets/External Assets/Gothicvania-Town/Art/Sprites/hat-man-idle/hat-man-idle-2.png using Guid(d7886951770614509b79fc9c1bdb69b1) Importer(815301076,1909f56bfc062723c751e8b465ee728b)  -> (artifact id: '93505dc056cbac999051537d324ab415') in 0.035034 seconds
Number of updated asset objects reloaded before import = 0
Number of asset objects unloaded after import = 3
========================================================================
Received Import Request.
  Time since last request: 0.000096 seconds.
  path: Assets/External Assets/Monsters Creatures Fantasy/Sprites/Flying eye/Flight.png
  artifactKey: Guid(6d7cd4f7505dc674c891ca8946cfd98b) Importer(815301076,1909f56bfc062723c751e8b465ee728b)
Start importing Assets/External Assets/Monsters Creatures Fantasy/Sprites/Flying eye/Flight.png using Guid(6d7cd4f7505dc674c891ca8946cfd98b) Importer(815301076,1909f56bfc062723c751e8b465ee728b)  -> (artifact id: '546b9298643e88a5dc80333989ee9a28') in 0.075649 seconds
Number of updated asset objects reloaded before import = 0
Number of asset objects unloaded after import = 10
========================================================================
Received Import Request.
  Time since last request: 0.000025 seconds.
  path: Assets/External Assets/Lifty's Pixel Art Pack/Pixel Art Pack/TileMaps/Desert.png
  artifactKey: Guid(b96df2e5ce66afd43bf40041793ce6a5) Importer(815301076,1909f56bfc062723c751e8b465ee728b)
Start importing Assets/External Assets/Lifty's Pixel Art Pack/Pixel Art Pack/TileMaps/Desert.png using Guid(b96df2e5ce66afd43bf40041793ce6a5) Importer(815301076,1909f56bfc062723c751e8b465ee728b)  -> (artifact id: '641f2bdb26853cd22765688a0bc19dd5') in 0.039603 seconds
Number of updated asset objects reloaded before import = 0
Number of asset objects unloaded after import = 3
========================================================================
Received Import Request.
  Time since last request: 0.000042 seconds.
  path: Assets/External Assets/simple UI & icons/box/box_coin2.png
  artifactKey: Guid(70783f222b0c71440a082ff647835516) Importer(815301076,1909f56bfc062723c751e8b465ee728b)
Start importing Assets/External Assets/simple UI & icons/box/box_coin2.png using Guid(70783f222b0c71440a082ff647835516) Importer(815301076,1909f56bfc062723c751e8b465ee728b)  -> (artifact id: '0f9a4b661d8ece3b421a67a31c7cb69f') in 0.034472 seconds
Number of updated asset objects reloaded before import = 0
Number of asset objects unloaded after import = 3
========================================================================
Received Import Request.
  Time since last request: 0.000025 seconds.
  path: Assets/External Assets/Monsters Creatures Fantasy/Sprites/Skeleton/Attack1.png
  artifactKey: Guid(5f19f67e94a2e2f4ba57d2b338387c11) Importer(815301076,1909f56bfc062723c751e8b465ee728b)
Start importing Assets/External Assets/Monsters Creatures Fantasy/Sprites/Skeleton/Attack1.png using Guid(5f19f67e94a2e2f4ba57d2b338387c11) Importer(815301076,1909f56bfc062723c751e8b465ee728b)  -> (artifact id: 'e0799e9d51dcd50278674dd74623bfcd') in 0.075705 seconds
Number of updated asset objects reloaded before import = 0
Number of asset objects unloaded after import = 10
========================================================================
Received Import Request.
  Time since last request: 0.000029 seconds.
  path: Assets/External Assets/PlayerIconUI/Hand Drawn RPG Icons/Icons/armor_gold.png
  artifactKey: Guid(63ec11672f5f8fc5fa0bc44f23e0d56b) Importer(815301076,1909f56bfc062723c751e8b465ee728b)
Start importing Assets/External Assets/PlayerIconUI/Hand Drawn RPG Icons/Icons/armor_gold.png using Guid(63ec11672f5f8fc5fa0bc44f23e0d56b) Importer(815301076,1909f56bfc062723c751e8b465ee728b)  -> (artifact id: '656a5f066e95b584d2cbada208769ddb') in 0.046358 seconds
Number of updated asset objects reloaded before import = 0
Number of asset objects unloaded after import = 3
========================================================================
Received Import Request.
  Time since last request: 0.000034 seconds.
  path: Assets/External Assets/Monsters Creatures Fantasy/Sprites/Flying eye/Attack1.png
  artifactKey: Guid(ce3326307819d6e4497038e63e070108) Importer(815301076,1909f56bfc062723c751e8b465ee728b)
Start importing Assets/External Assets/Monsters Creatures Fantasy/Sprites/Flying eye/Attack1.png using Guid(ce3326307819d6e4497038e63e070108) Importer(815301076,1909f56bfc062723c751e8b465ee728b)  -> (artifact id: '8707269463925b587f7eafcbf240454b') in 0.102831 seconds
Number of updated asset objects reloaded before import = 0
Number of asset objects unloaded after import = 10
========================================================================
Received Import Request.
  Time since last request: 0.000027 seconds.
  path: Assets/External Assets/Monsters Creatures Fantasy/Sprites/Mushroom/Attack2.png
  artifactKey: Guid(179f77b4a77508644bb0e4717e8add6a) Importer(815301076,1909f56bfc062723c751e8b465ee728b)
Start importing Assets/External Assets/Monsters Creatures Fantasy/Sprites/Mushroom/Attack2.png using Guid(179f77b4a77508644bb0e4717e8add6a) Importer(815301076,1909f56bfc062723c751e8b465ee728b)  -> (artifact id: '9b021515fca49434cde219dbef33c062') in 0.095160 seconds
Number of updated asset objects reloaded before import = 0
Number of asset objects unloaded after import = 10
========================================================================
Received Import Request.
  Time since last request: 0.000026 seconds.
  path: Assets/External Assets/Character/1.Sprite/2D_Simple_Character-Swordman.psd
  artifactKey: Guid(90fa01bf10a7cfb45afca7c4b4783bf6) Importer(815301076,1909f56bfc062723c751e8b465ee728b)
Start importing Assets/External Assets/Character/1.Sprite/2D_Simple_Character-Swordman.psd using Guid(90fa01bf10a7cfb45afca7c4b4783bf6) Importer(815301076,1909f56bfc062723c751e8b465ee728b)  -> (artifact id: '55e460b3904be1f62f7e0e25f73af7e2') in 0.050671 seconds
Number of updated asset objects reloaded before import = 0
Number of asset objects unloaded after import = 3
========================================================================
Received Import Request.
  Time since last request: 0.000029 seconds.
  path: Assets/External Assets/PlayerIconUI/Hand Drawn RPG Icons/Icons/armor_silver.png
  artifactKey: Guid(561e5bc70c5cfc0e78f526d29d5f7ab2) Importer(815301076,1909f56bfc062723c751e8b465ee728b)
Start importing Assets/External Assets/PlayerIconUI/Hand Drawn RPG Icons/Icons/armor_silver.png using Guid(561e5bc70c5cfc0e78f526d29d5f7ab2) Importer(815301076,1909f56bfc062723c751e8b465ee728b)  -> (artifact id: 'feca2135312e2730026123f4ce1bf138') in 0.064633 seconds
Number of updated asset objects reloaded before import = 0
Number of asset objects unloaded after import = 3
========================================================================
Received Import Request.
  Time since last request: 0.000104 seconds.
  path: Assets/External Assets/Character/Demo/Sprite/Forest_Green_1.png
  artifactKey: Guid(835b624361cb959469bf0b945a2f7b9c) Importer(815301076,1909f56bfc062723c751e8b465ee728b)
Start importing Assets/External Assets/Character/Demo/Sprite/Forest_Green_1.png using Guid(835b624361cb959469bf0b945a2f7b9c) Importer(815301076,1909f56bfc062723c751e8b465ee728b)  -> (artifact id: '9ff141a15bd8f1443e9120550336a376') in 0.067254 seconds
Number of updated asset objects reloaded before import = 0
Number of asset objects unloaded after import = 3
========================================================================
Received Import Request.
  Time since last request: 0.000197 seconds.
  path: Assets/External Assets/PlayerIconUI/Hand Drawn RPG Icons/Icons/helmet_gold.png
  artifactKey: Guid(7b2a7b91c5f8aa7329710f0f3445de44) Importer(815301076,1909f56bfc062723c751e8b465ee728b)
Start importing Assets/External Assets/PlayerIconUI/Hand Drawn RPG Icons/Icons/helmet_gold.png using Guid(7b2a7b91c5f8aa7329710f0f3445de44) Importer(815301076,1909f56bfc062723c751e8b465ee728b)  -> (artifact id: '7003664a00c3f06ba450a5153e0c4bc5') in 0.069103 seconds
Number of updated asset objects reloaded before import = 0
Number of asset objects unloaded after import = 3
========================================================================
Received Import Request.
  Time since last request: 0.000024 seconds.
  path: Assets/External Assets/simple UI & icons/box/box_coin3.png
  artifactKey: Guid(7ca26ee7f8f599742972114fc284ac21) Importer(815301076,1909f56bfc062723c751e8b465ee728b)
Start importing Assets/External Assets/simple UI & icons/box/box_coin3.png using Guid(7ca26ee7f8f599742972114fc284ac21) Importer(815301076,1909f56bfc062723c751e8b465ee728b)  -> (artifact id: 'dd8fc35124fd32962eda6c6f840b2612') in 0.062804 seconds
Number of updated asset objects reloaded before import = 0
Number of asset objects unloaded after import = 3
========================================================================
Received Import Request.
  Time since last request: 0.000023 seconds.
  path: Assets/External Assets/Gothicvania-Town/Art/Sprites/hat-man-walk/hat-man-walk-2.png
  artifactKey: Guid(36ef399a34e1d4d6e9fafe520195effc) Importer(815301076,1909f56bfc062723c751e8b465ee728b)
Start importing Assets/External Assets/Gothicvania-Town/Art/Sprites/hat-man-walk/hat-man-walk-2.png using Guid(36ef399a34e1d4d6e9fafe520195effc) Importer(815301076,1909f56bfc062723c751e8b465ee728b)  -> (artifact id: 'a8bf948f8a7dfa846d824cbdd325570a') in 0.069670 seconds
Number of updated asset objects reloaded before import = 0
Number of asset objects unloaded after import = 3
========================================================================
Received Import Request.
  Time since last request: 0.000026 seconds.
  path: Assets/Image/3d-fantasy-scene.jpg
  artifactKey: Guid(a041d9236c06960418bbedc94301e29e) Importer(815301076,1909f56bfc062723c751e8b465ee728b)
Start importing Assets/Image/3d-fantasy-scene.jpg using Guid(a041d9236c06960418bbedc94301e29e) Importer(815301076,1909f56bfc062723c751e8b465ee728b)  -> (artifact id: 'a550eb26bea5892dfc588a45e266c882') in 0.059885 seconds
Number of updated asset objects reloaded before import = 0
Number of asset objects unloaded after import = 3
========================================================================
Received Import Request.
  Time since last request: 0.000032 seconds.
  path: Assets/External Assets/Lifty's Pixel Art Pack/Pixel Art Pack/TileMaps/DesBg_Middle.png
  artifactKey: Guid(4c4cd6f1e5d3ab148a52c448ac7013a2) Importer(815301076,1909f56bfc062723c751e8b465ee728b)
Start importing Assets/External Assets/Lifty's Pixel Art Pack/Pixel Art Pack/TileMaps/DesBg_Middle.png using Guid(4c4cd6f1e5d3ab148a52c448ac7013a2) Importer(815301076,1909f56bfc062723c751e8b465ee728b)  -> (artifact id: '3ca4d85e78b6764f214b6291c601b61e') in 0.047385 seconds
Number of updated asset objects reloaded before import = 0
Number of asset objects unloaded after import = 3
========================================================================
Received Import Request.
  Time since last request: 0.000025 seconds.
  path: Assets/External Assets/Monsters Creatures Fantasy/Sprites/Goblin/Attack1.png
  artifactKey: Guid(f84c06efa9991bd49b5553f54f400348) Importer(815301076,1909f56bfc062723c751e8b465ee728b)
Start importing Assets/External Assets/Monsters Creatures Fantasy/Sprites/Goblin/Attack1.png using Guid(f84c06efa9991bd49b5553f54f400348) Importer(815301076,1909f56bfc062723c751e8b465ee728b)  -> (artifact id: '90c48e49c817766a59992e8d42fc3952') in 0.084708 seconds
Number of updated asset objects reloaded before import = 0
Number of asset objects unloaded after import = 10
========================================================================
Received Import Request.
  Time since last request: 0.000077 seconds.
  path: Assets/Image/Flying Eye.png
  artifactKey: Guid(ac373f25e834d8642a59d971b362cc8c) Importer(815301076,1909f56bfc062723c751e8b465ee728b)
Start importing Assets/Image/Flying Eye.png using Guid(ac373f25e834d8642a59d971b362cc8c) Importer(815301076,1909f56bfc062723c751e8b465ee728b)  -> (artifact id: 'd14324140526d1cc0a384c42f410deea') in 0.046707 seconds
Number of updated asset objects reloaded before import = 0
Number of asset objects unloaded after import = 3
========================================================================
Received Import Request.
  Time since last request: 0.000025 seconds.
  path: Assets/External Assets/Gothicvania-Town/Art/Sprites/hat-man-idle/hat-man-idle-3.png
  artifactKey: Guid(39138034d63f44666a7ea1bf273eda08) Importer(815301076,1909f56bfc062723c751e8b465ee728b)
Start importing Assets/External Assets/Gothicvania-Town/Art/Sprites/hat-man-idle/hat-man-idle-3.png using Guid(39138034d63f44666a7ea1bf273eda08) Importer(815301076,1909f56bfc062723c751e8b465ee728b)  -> (artifact id: '0b09508f1fde679c1a958ab52a59331f') in 0.040528 seconds
Number of updated asset objects reloaded before import = 0
Number of asset objects unloaded after import = 3
========================================================================
Received Import Request.
  Time since last request: 0.000064 seconds.
  path: Assets/Image/heart-1348868_1280.png
  artifactKey: Guid(4152275461871854582a9871dfc937fb) Importer(815301076,1909f56bfc062723c751e8b465ee728b)
Start importing Assets/Image/heart-1348868_1280.png using Guid(4152275461871854582a9871dfc937fb) Importer(815301076,1909f56bfc062723c751e8b465ee728b)  -> (artifact id: '5c525e1104afe2f4d2952e28ecb87717') in 0.052819 seconds
Number of updated asset objects reloaded before import = 0
Number of asset objects unloaded after import = 3
========================================================================
Received Import Request.
  Time since last request: 0.000038 seconds.
  path: Assets/External Assets/DungeonUI/normal_ui_set A/Division line.png
  artifactKey: Guid(b7d245916891cca47a0144e12a82e086) Importer(815301076,1909f56bfc062723c751e8b465ee728b)
Start importing Assets/External Assets/DungeonUI/normal_ui_set A/Division line.png using Guid(b7d245916891cca47a0144e12a82e086) Importer(815301076,1909f56bfc062723c751e8b465ee728b)  -> (artifact id: '8c896afc0b6d5ff1b927d770f92fb921') in 0.040510 seconds
Number of updated asset objects reloaded before import = 0
Number of asset objects unloaded after import = 3
========================================================================
Received Import Request.
  Time since last request: 0.000152 seconds.
  path: Assets/External Assets/Lifty's Pixel Art Pack/Pixel Art Pack/TileMaps/DesBg_Forward.png
  artifactKey: Guid(545c84f8584145a489c2c889305f682e) Importer(815301076,1909f56bfc062723c751e8b465ee728b)
Start importing Assets/External Assets/Lifty's Pixel Art Pack/Pixel Art Pack/TileMaps/DesBg_Forward.png using Guid(545c84f8584145a489c2c889305f682e) Importer(815301076,1909f56bfc062723c751e8b465ee728b)  -> (artifact id: '3d0f92ec42a3c56bf7a557c4e895e437') in 0.045834 seconds
Number of updated asset objects reloaded before import = 0
Number of asset objects unloaded after import = 3
========================================================================
Received Import Request.
  Time since last request: 0.000019 seconds.
  path: Assets/External Assets/Lifty's Pixel Art Pack/Pixel Art Pack/TileMaps/DesBg_Back.png
  artifactKey: Guid(c80105b7ce9692143b6d8976c6bd1c79) Importer(815301076,1909f56bfc062723c751e8b465ee728b)
Start importing Assets/External Assets/Lifty's Pixel Art Pack/Pixel Art Pack/TileMaps/DesBg_Back.png using Guid(c80105b7ce9692143b6d8976c6bd1c79) Importer(815301076,1909f56bfc062723c751e8b465ee728b)  -> (artifact id: '8b803a55dee7017c0f33efcfef79bbcf') in 0.039797 seconds
Number of updated asset objects reloaded before import = 0
Number of asset objects unloaded after import = 3
========================================================================
Received Import Request.
  Time since last request: 0.000034 seconds.
  path: Assets/External Assets/PlayerIconUI/Hand Drawn RPG Icons/Icons/armor_iron.png
  artifactKey: Guid(1b605ce4efd3905d8b621544e1c932a1) Importer(815301076,1909f56bfc062723c751e8b465ee728b)
Start importing Assets/External Assets/PlayerIconUI/Hand Drawn RPG Icons/Icons/armor_iron.png using Guid(1b605ce4efd3905d8b621544e1c932a1) Importer(815301076,1909f56bfc062723c751e8b465ee728b)  -> (artifact id: 'fc496fdad91ae73d2ca808a93f438939') in 0.045416 seconds
Number of updated asset objects reloaded before import = 0
Number of asset objects unloaded after import = 3
========================================================================
Received Import Request.
  Time since last request: 1.694754 seconds.
  path: Assets/External Assets/Biome/Sprites.png
  artifactKey: Guid(5fe5454ec8605de43809133b020d1b69) Importer(815301076,1909f56bfc062723c751e8b465ee728b)
Start importing Assets/External Assets/Biome/Sprites.png using Guid(5fe5454ec8605de43809133b020d1b69) Importer(815301076,1909f56bfc062723c751e8b465ee728b)  -> (artifact id: '0b6ea2eb6b7ec3a96de4f57c52d8fea2') in 0.455857 seconds
Number of updated asset objects reloaded before import = 0
Number of asset objects unloaded after import = 92
========================================================================
Received Prepare
Begin MonoManager ReloadAssembly
- Loaded All Assemblies, in  0.784 seconds
Refreshing native plugins compatible for Editor in 14.73 ms, found 4 plugins.
Native extension for WindowsStandalone target not found
[Package Manager] Server::EnsureServerProcessIsRunning -- launch failed, reason: Unity was launched with the -noUpm command-line argument
[Package Manager] UpmClient::Send -- Unable to send message (not connected to UPM process).
[Package Manager] Cannot connect to Unity Package Manager local server
Mono: successfully reloaded assembly
- Finished resetting the current domain, in  3.194 seconds
Domain Reload Profiling: 3976ms
	BeginReloadAssembly (262ms)
		ExecutionOrderSort (0ms)
		DisableScriptedObjects (19ms)
		BackupInstance (0ms)
		ReleaseScriptingObjects (0ms)
		CreateAndSetChildDomain (65ms)
	RebuildCommonClasses (55ms)
	RebuildNativeTypeToScriptingClass (18ms)
	initialDomainReloadingComplete (48ms)
	LoadAllAssembliesAndSetupDomain (396ms)
		LoadAssemblies (516ms)
		RebuildTransferFunctionScriptingTraits (0ms)
		AnalyzeDomain (19ms)
			TypeCache.Refresh (8ms)
				TypeCache.ScanAssembly (0ms)
			ScanForSourceGeneratedMonoScriptInfo (0ms)
			ResolveRequiredComponents (10ms)
	FinalizeReload (3197ms)
		ReleaseScriptCaches (0ms)
		RebuildScriptCaches (0ms)
		SetupLoadedEditorAssemblies (1168ms)
			LogAssemblyErrors (0ms)
			InitializePlatformSupportModulesInManaged (14ms)
			SetLoadedEditorAssemblies (7ms)
			RefreshPlugins (0ms)
			BeforeProcessingInitializeOnLoad (188ms)
			ProcessInitializeOnLoadAttributes (851ms)
			ProcessInitializeOnLoadMethodAttributes (91ms)
			AfterProcessingInitializeOnLoad (16ms)
			EditorAssembliesLoaded (1ms)
		ExecutionOrderSort2 (0ms)
		AwakeInstancesAfterBackupRestoration (40ms)
Refreshing native plugins compatible for Editor in 64.19 ms, found 4 plugins.
Preloading 0 native plugins for Editor in 0.00 ms.
Unloading 4231 Unused Serialized files (Serialized files now loaded: 0)
Unloading 39 unused Assets / (107.5 KB). Loaded Objects now: 4869.
Memory consumption went from 167.0 MB to 166.9 MB.
Total: 8.678700 ms (FindLiveObjects: 0.965600 ms CreateObjectMapping: 0.843000 ms MarkObjects: 6.595400 ms  DeleteObjects: 0.272900 ms)

Prepare: number of updated asset objects reloaded= 0
AssetImportParameters requested are different than current active one (requested -> active):
  custom:container-demuxer-ogg: 62fdf1f143b41e24485cea50d1cbac27 -> 
  custom:video-decoder-ogg-theora: a1e56fd34408186e4bbccfd4996cb3dc -> 
  custom:framework-win-MediaFoundation: 216162199b28c13a410421893ffa2e32 -> 
  custom:CustomObjectIndexerAttribute: 756ad292c208cfabdd7b50bc23989ffe -> 
  custom:container-demuxer-webm: 4f35f7cbe854078d1ac9338744f61a02 -> 
  custom:container-muxer-webm: aa71ff27fc2769a1b78a27578f13a17b -> 
  custom:video-decoder-webm-vp8: 9c59270c3fd7afecdb556c50c9e8de78 -> 
  custom:SearchIndexIgnoredProperties: e643bd26f0fe6173181afceb89e7c659 -> 
  custom:AudioImporter_EditorPlatform: d09bf68614088b80899f8185d706f6e7 -> 
  custom:video-encoder-webm-vp8: eb34c28f22e8b96e1ab97ce403110664 -> 
  custom:audio-decoder-ogg-vorbis: bf7c407c2cedff20999df2af8eb42d56 -> 
  custom:audio-encoder-webm-vorbis: bf7c407c2cedff20999df2af8eb42d56 -> 
========================================================================
Received Import Request.
  Time since last request: 587.134140 seconds.
  path: Assets/Prefab/NPC/HeadofVillage.prefab
  artifactKey: Guid(306dd14dea101644bb841599f70c99b9) Importer(815301076,1909f56bfc062723c751e8b465ee728b)
Start importing Assets/Prefab/NPC/HeadofVillage.prefab using Guid(306dd14dea101644bb841599f70c99b9) Importer(815301076,1909f56bfc062723c751e8b465ee728b)  -> (artifact id: '12a32308766212bbfe1b58880e1524e2') in 0.221048 seconds
Number of updated asset objects reloaded before import = 0
Number of asset objects unloaded after import = 59
========================================================================
Received Prepare
Begin MonoManager ReloadAssembly
- Loaded All Assemblies, in  0.961 seconds
Refreshing native plugins compatible for Editor in 19.08 ms, found 4 plugins.
Native extension for WindowsStandalone target not found
[Package Manager] Server::EnsureServerProcessIsRunning -- launch failed, reason: Unity was launched with the -noUpm command-line argument
[Package Manager] UpmClient::Send -- Unable to send message (not connected to UPM process).
[Package Manager] Cannot connect to Unity Package Manager local server
Mono: successfully reloaded assembly
- Finished resetting the current domain, in  4.032 seconds
Domain Reload Profiling: 4987ms
	BeginReloadAssembly (283ms)
		ExecutionOrderSort (0ms)
		DisableScriptedObjects (25ms)
		BackupInstance (0ms)
		ReleaseScriptingObjects (0ms)
		CreateAndSetChildDomain (65ms)
	RebuildCommonClasses (71ms)
	RebuildNativeTypeToScriptingClass (25ms)
	initialDomainReloadingComplete (62ms)
	LoadAllAssembliesAndSetupDomain (513ms)
		LoadAssemblies (617ms)
		RebuildTransferFunctionScriptingTraits (0ms)
		AnalyzeDomain (30ms)
			TypeCache.Refresh (10ms)
				TypeCache.ScanAssembly (0ms)
			ScanForSourceGeneratedMonoScriptInfo (0ms)
			ResolveRequiredComponents (17ms)
	FinalizeReload (4033ms)
		ReleaseScriptCaches (0ms)
		RebuildScriptCaches (0ms)
		SetupLoadedEditorAssemblies (1229ms)
			LogAssemblyErrors (0ms)
			InitializePlatformSupportModulesInManaged (16ms)
			SetLoadedEditorAssemblies (13ms)
			RefreshPlugins (0ms)
			BeforeProcessingInitializeOnLoad (226ms)
			ProcessInitializeOnLoadAttributes (859ms)
			ProcessInitializeOnLoadMethodAttributes (101ms)
			AfterProcessingInitializeOnLoad (13ms)
			EditorAssembliesLoaded (1ms)
		ExecutionOrderSort2 (0ms)
		AwakeInstancesAfterBackupRestoration (39ms)
Refreshing native plugins compatible for Editor in 25.02 ms, found 4 plugins.
Preloading 0 native plugins for Editor in 0.00 ms.
Unloading 4231 Unused Serialized files (Serialized files now loaded: 0)
Unloading 37 unused Assets / (106.5 KB). Loaded Objects now: 4885.
Memory consumption went from 164.7 MB to 164.6 MB.
Total: 8.195700 ms (FindLiveObjects: 0.511400 ms CreateObjectMapping: 0.500200 ms MarkObjects: 7.071000 ms  DeleteObjects: 0.111400 ms)

Prepare: number of updated asset objects reloaded= 0
AssetImportParameters requested are different than current active one (requested -> active):
  custom:container-demuxer-ogg: 62fdf1f143b41e24485cea50d1cbac27 -> 
  custom:video-decoder-ogg-theora: a1e56fd34408186e4bbccfd4996cb3dc -> 
  custom:framework-win-MediaFoundation: 216162199b28c13a410421893ffa2e32 -> 
  custom:CustomObjectIndexerAttribute: 756ad292c208cfabdd7b50bc23989ffe -> 
  custom:container-demuxer-webm: 4f35f7cbe854078d1ac9338744f61a02 -> 
  custom:container-muxer-webm: aa71ff27fc2769a1b78a27578f13a17b -> 
  custom:video-decoder-webm-vp8: 9c59270c3fd7afecdb556c50c9e8de78 -> 
  custom:SearchIndexIgnoredProperties: e643bd26f0fe6173181afceb89e7c659 -> 
  custom:AudioImporter_EditorPlatform: d09bf68614088b80899f8185d706f6e7 -> 
  custom:video-encoder-webm-vp8: eb34c28f22e8b96e1ab97ce403110664 -> 
  custom:audio-decoder-ogg-vorbis: bf7c407c2cedff20999df2af8eb42d56 -> 
  custom:audio-encoder-webm-vorbis: bf7c407c2cedff20999df2af8eb42d56 -> 
========================================================================
Received Import Request.
  Time since last request: 216.604070 seconds.
  path: Assets/Image/green-light-circle-frame-with-sparks-leaves.png
  artifactKey: Guid(31327557512fe5b4ba9bdeb5c8bc235e) Importer(815301076,1909f56bfc062723c751e8b465ee728b)
Start importing Assets/Image/green-light-circle-frame-with-sparks-leaves.png using Guid(31327557512fe5b4ba9bdeb5c8bc235e) Importer(815301076,1909f56bfc062723c751e8b465ee728b)  -> (artifact id: '66e86e94e28d4dda0ffc9c3cb1d11895') in 0.191371 seconds
Number of updated asset objects reloaded before import = 0
Number of asset objects unloaded after import = 3
